<testsuite name="AmadroneTest" time="">
  <testcase name="testTurnOnDrone" classname="platform:/resource/amogus_drones/tests/AmadroneTest.sctunit#AmadroneTest.testTurnOnDrone" time="">
  </testcase>
  <testcase name="checkMovement" classname="platform:/resource/amogus_drones/tests/AmadroneTest.sctunit#AmadroneTest.checkMovement" time="">
    <failure>Assertion failed: "assert Routing.moving" (Line 21)
    	name: Routing.moving, value: 
    </failure>
  </testcase>
  <testcase name="checkArrival" classname="platform:/resource/amogus_drones/tests/AmadroneTest.sctunit#AmadroneTest.checkArrival" time="">
  </testcase>
  <testcase name="checkLowBattery" classname="platform:/resource/amogus_drones/tests/AmadroneTest.sctunit#AmadroneTest.checkLowBattery" time="">
    <failure>Assertion failed: "assert batteryLow" (Line 51)
    	name: batteryLow, value: 
    </failure>
  </testcase>
  <testcase name="checkNoBattery" classname="platform:/resource/amogus_drones/tests/AmadroneTest.sctunit#AmadroneTest.checkNoBattery" time="">
  </testcase>
</testsuite>
